<?xml version="1.0" encoding="UTF-8"?>
<testsuite xmlns:xsi="http://www.w3.org/2001/XMLSchema-instance" xsi:noNamespaceSchemaLocation="https://maven.apache.org/surefire/maven-surefire-plugin/xsd/surefire-test-report.xsd" name="example.AccountTest" time="0.259" tests="7" errors="0" skipped="0" failures="0">
  <properties>
    <property name="java.specification.version" value="19"/>
    <property name="sun.jnu.encoding" value="UTF-8"/>
    <property name="java.class.path" value="/home/bitter_coffee/Рабочий стол/Practice/target/test-classes:/home/bitter_coffee/Рабочий стол/Practice/target/classes:/home/bitter_coffee/.m2/repository/junit/junit/4.13.1/junit-4.13.1.jar:/home/bitter_coffee/.m2/repository/org/hamcrest/hamcrest-core/1.3/hamcrest-core-1.3.jar:/home/bitter_coffee/.m2/repository/io/qameta/allure/allure-junit4/2.18.0/allure-junit4-2.18.0.jar:/home/bitter_coffee/.m2/repository/io/qameta/allure/allure-java-commons/2.18.0/allure-java-commons-2.18.0.jar:/home/bitter_coffee/.m2/repository/io/qameta/allure/allure-model/2.18.0/allure-model-2.18.0.jar:/home/bitter_coffee/.m2/repository/org/slf4j/slf4j-simple/1.7.30/slf4j-simple-1.7.30.jar:/home/bitter_coffee/.m2/repository/org/slf4j/slf4j-api/1.7.30/slf4j-api-1.7.30.jar:"/>
    <property name="java.vm.vendor" value="Oracle Corporation"/>
    <property name="sun.arch.data.model" value="64"/>
    <property name="java.vendor.url" value="https://java.oracle.com/"/>
    <property name="os.name" value="Linux"/>
    <property name="java.vm.specification.version" value="19"/>
    <property name="sun.java.launcher" value="SUN_STANDARD"/>
    <property name="user.country" value="RU"/>
    <property name="sun.boot.library.path" value="/home/bitter_coffee/.jdks/openjdk-19.0.2/lib"/>
    <property name="sun.java.command" value="/home/bitter_coffee/Рабочий стол/Practice/target/surefire/surefirebooter18110275660019266259.jar /home/bitter_coffee/Рабочий стол/Practice/target/surefire 2023-05-01T20-24-10_174-jvmRun1 surefire6696018144505058184tmp surefire_08503748685416428492tmp"/>
    <property name="jdk.debug" value="release"/>
    <property name="surefire.test.class.path" value="/home/bitter_coffee/Рабочий стол/Practice/target/test-classes:/home/bitter_coffee/Рабочий стол/Practice/target/classes:/home/bitter_coffee/.m2/repository/junit/junit/4.13.1/junit-4.13.1.jar:/home/bitter_coffee/.m2/repository/org/hamcrest/hamcrest-core/1.3/hamcrest-core-1.3.jar:/home/bitter_coffee/.m2/repository/io/qameta/allure/allure-junit4/2.18.0/allure-junit4-2.18.0.jar:/home/bitter_coffee/.m2/repository/io/qameta/allure/allure-java-commons/2.18.0/allure-java-commons-2.18.0.jar:/home/bitter_coffee/.m2/repository/io/qameta/allure/allure-model/2.18.0/allure-model-2.18.0.jar:/home/bitter_coffee/.m2/repository/org/slf4j/slf4j-simple/1.7.30/slf4j-simple-1.7.30.jar:/home/bitter_coffee/.m2/repository/org/slf4j/slf4j-api/1.7.30/slf4j-api-1.7.30.jar:"/>
    <property name="allure.results.directory" value="/home/bitter_coffee/Рабочий стол/Practice/target/allure-results"/>
    <property name="sun.cpu.endian" value="little"/>
    <property name="user.home" value="/home/bitter_coffee"/>
    <property name="user.language" value="ru"/>
    <property name="java.specification.vendor" value="Oracle Corporation"/>
    <property name="java.version.date" value="2023-01-17"/>
    <property name="java.home" value="/home/bitter_coffee/.jdks/openjdk-19.0.2"/>
    <property name="file.separator" value="/"/>
    <property name="basedir" value="/home/bitter_coffee/Рабочий стол/Practice"/>
    <property name="java.vm.compressedOopsMode" value="Zero based"/>
    <property name="line.separator" value="&#10;"/>
    <property name="java.specification.name" value="Java Platform API Specification"/>
    <property name="java.vm.specification.vendor" value="Oracle Corporation"/>
    <property name="surefire.real.class.path" value="/home/bitter_coffee/Рабочий стол/Practice/target/surefire/surefirebooter18110275660019266259.jar"/>
    <property name="sun.management.compiler" value="HotSpot 64-Bit Tiered Compilers"/>
    <property name="java.runtime.version" value="19.0.2+7-44"/>
    <property name="user.name" value="bitter_coffee"/>
    <property name="stdout.encoding" value="UTF-8"/>
    <property name="path.separator" value=":"/>
    <property name="os.version" value="5.19.0-41-generic"/>
    <property name="java.runtime.name" value="OpenJDK Runtime Environment"/>
    <property name="file.encoding" value="UTF-8"/>
    <property name="java.vm.name" value="OpenJDK 64-Bit Server VM"/>
    <property name="localRepository" value="/home/bitter_coffee/.m2/repository"/>
    <property name="java.vendor.url.bug" value="https://bugreport.java.com/bugreport/"/>
    <property name="java.io.tmpdir" value="/tmp"/>
    <property name="idea.version" value="2023.1.1"/>
    <property name="java.version" value="19.0.2"/>
    <property name="user.dir" value="/home/bitter_coffee/Рабочий стол/Practice"/>
    <property name="os.arch" value="amd64"/>
    <property name="java.vm.specification.name" value="Java Virtual Machine Specification"/>
    <property name="native.encoding" value="UTF-8"/>
    <property name="java.library.path" value="/usr/java/packages/lib:/usr/lib64:/lib64:/lib:/usr/lib"/>
    <property name="java.vm.info" value="mixed mode, sharing"/>
    <property name="stderr.encoding" value="UTF-8"/>
    <property name="java.vendor" value="Oracle Corporation"/>
    <property name="java.vm.version" value="19.0.2+7-44"/>
    <property name="sun.io.unicode.encoding" value="UnicodeLittle"/>
    <property name="java.class.version" value="63.0"/>
  </properties>
  <testcase name="invalidSpaceAtEndAndBeginningNameFalse" classname="example.AccountTest" time="0.102"/>
  <testcase name="invalidNoSpaceNameFalse" classname="example.AccountTest" time="0.002"/>
  <testcase name="invalidSpaceAtBeginningNameFalse" classname="example.AccountTest" time="0.001"/>
  <testcase name="invalidSpaceAtEndNameFalse" classname="example.AccountTest" time="0.002"/>
  <testcase name="invalidShortNameFalse" classname="example.AccountTest" time="0.002"/>
  <testcase name="invalidLongNameFalse" classname="example.AccountTest" time="0.002"/>
  <testcase name="validNameTrue" classname="example.AccountTest" time="0.002"/>
</testsuite>